slurmstepd: info: Setting TMPDIR to /scratch/1707089. Previous errors about TMPDIR can be discarded
10/20/2025 06:39:50 - WARNING - __main__ - Process rank: 0, device: cuda:0, n_gpu: 1, distributed training: False, 16-bits training: False
10/20/2025 06:39:50 - INFO - __main__ - Training/evaluation parameters TrainingArguments(
_n_gpu=1,
accelerator_config={'split_batches': False, 'dispatch_batches': None, 'even_batches': True, 'use_seedable_sampler': True, 'non_blocking': False, 'gradient_accumulation_kwargs': None, 'use_configured_state': False},
adafactor=False,
adam_beta1=0.9,
adam_beta2=0.999,
adam_epsilon=1e-08,
auto_find_batch_size=False,
average_tokens_across_devices=True,
batch_eval_metrics=False,
bf16=False,
bf16_full_eval=False,
data_seed=None,
dataloader_drop_last=False,
dataloader_num_workers=0,
dataloader_persistent_workers=False,
dataloader_pin_memory=True,
dataloader_prefetch_factor=None,
ddp_backend=None,
ddp_broadcast_buffers=None,
ddp_bucket_cap_mb=None,
ddp_find_unused_parameters=None,
ddp_timeout=1800,
debug=[],
deepspeed=None,
disable_tqdm=False,
do_eval=True,
do_predict=False,
do_train=True,
eval_accumulation_steps=None,
eval_delay=0,
eval_do_concat_batches=True,
eval_on_start=False,
eval_steps=None,
eval_strategy=no,
eval_use_gather_object=False,
fp16=False,
fp16_backend=auto,
fp16_full_eval=False,
fp16_opt_level=O1,
fsdp=[],
fsdp_config={'min_num_params': 0, 'xla': False, 'xla_fsdp_v2': False, 'xla_fsdp_grad_ckpt': False},
fsdp_min_num_params=0,
fsdp_transformer_layer_cls_to_wrap=None,
full_determinism=False,
gradient_accumulation_steps=1,
gradient_checkpointing=False,
gradient_checkpointing_kwargs=None,
greater_is_better=None,
group_by_length=False,
half_precision_backend=auto,
hub_always_push=False,
hub_model_id=None,
hub_private_repo=None,
hub_revision=None,
hub_strategy=every_save,
hub_token=<HUB_TOKEN>,
ignore_data_skip=False,
include_for_metrics=[],
include_inputs_for_metrics=False,
include_num_input_tokens_seen=no,
include_tokens_per_second=False,
jit_mode_eval=False,
label_names=None,
label_smoothing_factor=0.0,
learning_rate=3e-05,
length_column_name=length,
liger_kernel_config=None,
load_best_model_at_end=False,
local_rank=0,
log_level=passive,
log_level_replica=warning,
log_on_each_node=True,
logging_dir=/mnt/netapp2/Store_uni//home/ulc/cursos/curso395/tensorboard_logs/bert_baseline,
logging_first_step=False,
logging_nan_inf_filter=True,
logging_steps=500,
logging_strategy=steps,
lr_scheduler_kwargs={},
lr_scheduler_type=linear,
max_grad_norm=1.0,
max_steps=-1,
metric_for_best_model=None,
mp_parameters=,
neftune_noise_alpha=None,
no_cuda=False,
num_train_epochs=2.0,
optim=adamw_torch_fused,
optim_args=None,
optim_target_modules=None,
output_dir=/mnt/netapp2/Store_uni//home/ulc/cursos/curso395/bert_outputs/squad_baseline,
overwrite_output_dir=False,
parallelism_config=None,
past_index=-1,
per_device_eval_batch_size=8,
per_device_train_batch_size=12,
prediction_loss_only=False,
project=huggingface,
push_to_hub=False,
push_to_hub_model_id=None,
push_to_hub_organization=None,
push_to_hub_token=<PUSH_TO_HUB_TOKEN>,
ray_scope=last,
remove_unused_columns=True,
report_to=['tensorboard'],
restore_callback_states_from_checkpoint=False,
resume_from_checkpoint=None,
run_name=None,
save_on_each_node=False,
save_only_model=False,
save_safetensors=True,
save_steps=500,
save_strategy=steps,
save_total_limit=None,
seed=42,
skip_memory_metrics=True,
tf32=None,
torch_compile=False,
torch_compile_backend=None,
torch_compile_mode=None,
torch_empty_cache_steps=None,
torchdynamo=None,
tpu_metrics_debug=False,
tpu_num_cores=None,
trackio_space_id=trackio,
use_cpu=False,
use_legacy_prediction_loop=False,
use_liger_kernel=False,
use_mps_device=False,
warmup_ratio=0.0,
warmup_steps=0,
weight_decay=0.0,
)
10/20/2025 06:39:52 - INFO - datasets.builder - Found cached dataset squad (/home/ulc/cursos/curso395/.cache/huggingface/datasets/squad/plain_text/0.0.0/7b6d24c440a36b6815f21b70d25016731768db1f)
10/20/2025 06:39:53 - INFO - datasets.arrow_dataset - Loading cached processed dataset at /home/ulc/cursos/curso395/.cache/huggingface/datasets/squad/plain_text/0.0.0/7b6d24c440a36b6815f21b70d25016731768db1f/cache-e8db69103717c759_*_of_00001.arrow
10/20/2025 06:39:53 - INFO - datasets.arrow_dataset - Loading cached processed dataset at /home/ulc/cursos/curso395/.cache/huggingface/datasets/squad/plain_text/0.0.0/7b6d24c440a36b6815f21b70d25016731768db1f/cache-5b58f7c131b7991d_*_of_00001.arrow
10/20/2025 06:39:54 - WARNING - accelerate.utils.other - Detected kernel version 4.18.0, which is below the recommended minimum of 5.5.0; this can cause the process to hang. It is recommended to upgrade the kernel to the minimum version or higher.
{'loss': 2.3932, 'grad_norm': 28.938024520874023, 'learning_rate': 2.8985359902399347e-05, 'epoch': 0.07}
{'loss': 1.5187, 'grad_norm': 18.216432571411133, 'learning_rate': 2.7968686457909722e-05, 'epoch': 0.14}
{'loss': 1.3504, 'grad_norm': 20.33391761779785, 'learning_rate': 2.6952013013420093e-05, 'epoch': 0.2}
{'loss': 1.3004, 'grad_norm': 14.924601554870605, 'learning_rate': 2.593533956893046e-05, 'epoch': 0.27}
{'loss': 1.2768, 'grad_norm': 13.476972579956055, 'learning_rate': 2.4918666124440832e-05, 'epoch': 0.34}
{'loss': 1.2294, 'grad_norm': 9.429353713989258, 'learning_rate': 2.39019926799512e-05, 'epoch': 0.41}
{'loss': 1.167, 'grad_norm': 13.277871131896973, 'learning_rate': 2.288531923546157e-05, 'epoch': 0.47}
{'loss': 1.1044, 'grad_norm': 11.181353569030762, 'learning_rate': 2.1868645790971942e-05, 'epoch': 0.54}
{'loss': 1.1068, 'grad_norm': 16.702224731445312, 'learning_rate': 2.085197234648231e-05, 'epoch': 0.61}
{'loss': 1.133, 'grad_norm': 18.13768768310547, 'learning_rate': 1.983529890199268e-05, 'epoch': 0.68}
{'loss': 1.0808, 'grad_norm': 18.564735412597656, 'learning_rate': 1.881862545750305e-05, 'epoch': 0.75}
{'loss': 1.0552, 'grad_norm': 19.093637466430664, 'learning_rate': 1.780195201301342e-05, 'epoch': 0.81}
{'loss': 1.0421, 'grad_norm': 20.962068557739258, 'learning_rate': 1.678527856852379e-05, 'epoch': 0.88}
{'loss': 1.0578, 'grad_norm': 13.976079940795898, 'learning_rate': 1.576860512403416e-05, 'epoch': 0.95}
{'loss': 0.921, 'grad_norm': 13.698919296264648, 'learning_rate': 1.4751931679544532e-05, 'epoch': 1.02}
{'loss': 0.7219, 'grad_norm': 23.692256927490234, 'learning_rate': 1.3735258235054901e-05, 'epoch': 1.08}
{'loss': 0.728, 'grad_norm': 9.332294464111328, 'learning_rate': 1.271858479056527e-05, 'epoch': 1.15}
{'loss': 0.7115, 'grad_norm': 10.950151443481445, 'learning_rate': 1.170191134607564e-05, 'epoch': 1.22}
{'loss': 0.7095, 'grad_norm': 11.734748840332031, 'learning_rate': 1.068523790158601e-05, 'epoch': 1.29}
{'loss': 0.7286, 'grad_norm': 19.549264907836914, 'learning_rate': 9.668564457096382e-06, 'epoch': 1.36}
{'loss': 0.725, 'grad_norm': 21.595998764038086, 'learning_rate': 8.651891012606752e-06, 'epoch': 1.42}
{'loss': 0.7146, 'grad_norm': 15.183114051818848, 'learning_rate': 7.635217568117121e-06, 'epoch': 1.49}
{'loss': 0.707, 'grad_norm': 16.055931091308594, 'learning_rate': 6.618544123627491e-06, 'epoch': 1.56}
{'loss': 0.6995, 'grad_norm': 8.898346900939941, 'learning_rate': 5.601870679137861e-06, 'epoch': 1.63}
{'loss': 0.7147, 'grad_norm': 34.502723693847656, 'learning_rate': 4.585197234648231e-06, 'epoch': 1.69}
{'loss': 0.7321, 'grad_norm': 17.523269653320312, 'learning_rate': 3.568523790158601e-06, 'epoch': 1.76}
{'loss': 0.6882, 'grad_norm': 17.649934768676758, 'learning_rate': 2.5518503456689712e-06, 'epoch': 1.83}
{'loss': 0.6908, 'grad_norm': 15.711519241333008, 'learning_rate': 1.5351769011793411e-06, 'epoch': 1.9}
{'loss': 0.6875, 'grad_norm': 15.394648551940918, 'learning_rate': 5.185034566897113e-07, 'epoch': 1.97}
{'train_runtime': 2827.8871, 'train_samples_per_second': 62.608, 'train_steps_per_second': 5.217, 'train_loss': 0.9842542803706039, 'epoch': 2.0}
Training time: 2828.00 seconds
***** train metrics *****
  epoch                    =        2.0
  total_flos               = 32313681GF
  train_loss               =     0.9843
  train_runtime            = 0:47:07.88
  train_samples            =      88524
  train_samples_per_second =     62.608
  train_steps_per_second   =      5.217
10/20/2025 07:27:05 - INFO - __main__ - *** Evaluate ***
10/20/2025 07:28:20 - INFO - utils_qa - Post-processing 10570 example predictions split into 10784 features.
10/20/2025 07:28:50 - INFO - utils_qa - Saving predictions to /mnt/netapp2/Store_uni//home/ulc/cursos/curso395/bert_outputs/squad_baseline/eval_predictions.json.
10/20/2025 07:28:50 - INFO - utils_qa - Saving nbest_preds to /mnt/netapp2/Store_uni//home/ulc/cursos/curso395/bert_outputs/squad_baseline/eval_nbest_predictions.json.
***** eval metrics *****
  epoch                   =        2.0
  eval_exact_match        =    81.2867
  eval_f1                 =    88.4224
  eval_runtime            = 0:01:02.75
  eval_samples            =      10784
  eval_samples_per_second =    171.841
  eval_steps_per_second   =      21.48
